<?xml version="1.0" encoding="UTF-8"?>
<!-- Generated by org.testng.reporters.JUnitReportReporter -->
<testsuite hostname="DESKTOP-D9ML0T2" failures="0" tests="1" name="testCases.TC_002_LoginPage" time="1.660" errors="0" timestamp="2024-09-12T10:42:51 IST" skipped="0">
  <testcase classname="testCases.TC_002_LoginPage" name="login_page" time="1.660"/>
</testsuite> <!-- testCases.TC_002_LoginPage -->
