<?xml version="1.0" encoding="UTF-8"?>
<!-- Generated by org.testng.reporters.JUnitReportReporter -->
<testsuite hostname="DESKTOP-D9ML0T2" failures="0" tests="1" name="examples.login" time="14.206" errors="0" timestamp="2024-09-02T15:28:44 IST" skipped="0">
  <testcase classname="examples.login" name="test" time="14.206"/>
</testsuite> <!-- examples.login -->
