<?xml version="1.0" encoding="UTF-8"?>
<!-- Generated by org.testng.reporters.JUnitReportReporter -->
<testsuite hostname="DESKTOP-D9ML0T2" failures="0" tests="1" name="testCases.TC_001_CreateCompanyUser" time="11.690" errors="0" timestamp="2024-09-12T10:42:51 IST" skipped="0">
  <testcase classname="testCases.TC_001_CreateCompanyUser" name="create_company_user" time="11.690"/>
</testsuite> <!-- testCases.TC_001_CreateCompanyUser -->
