<?xml version="1.0" encoding="UTF-8"?>
<!-- Generated by org.testng.reporters.JUnitReportReporter -->
<testsuite hostname="DESKTOP-D9ML0T2" failures="0" tests="1" name="testCases.TC_002_LoginPage" time="0.740" errors="0" timestamp="2024-09-17T09:06:13 IST" skipped="0">
  <testcase classname="testCases.TC_002_LoginPage" name="login_page" time="0.740"/>
</testsuite> <!-- testCases.TC_002_LoginPage -->
